[0.025s] Invoking command in '/root/ros2_ws/build/cpp_pubsub': CMAKE_PREFIX_PATH=/opt/ros/humble /usr/bin/cmake /root/ros2_ws/src/cpp_pubsub -DCMAKE_INSTALL_PREFIX=/root/ros2_ws/install/cpp_pubsub
[0.056s] -- Found ament_cmake: 1.3.2 (/opt/ros/humble/share/ament_cmake/cmake)
[0.455s] -- Found rclcpp: 16.0.1 (/opt/ros/humble/share/rclcpp/cmake)
[0.550s] -- Found rosidl_generator_c: 3.1.3 (/opt/ros/humble/share/rosidl_generator_c/cmake)
[0.558s] -- Found rosidl_adapter: 3.1.3 (/opt/ros/humble/share/rosidl_adapter/cmake)
[0.577s] -- Found rosidl_generator_cpp: 3.1.3 (/opt/ros/humble/share/rosidl_generator_cpp/cmake)
[0.612s] -- Using all available rosidl_typesupport_c: rosidl_typesupport_fastrtps_c;rosidl_typesupport_introspection_c
[0.661s] -- Using all available rosidl_typesupport_cpp: rosidl_typesupport_fastrtps_cpp;rosidl_typesupport_introspection_cpp
[0.809s] -- Found rmw_implementation_cmake: 6.1.0 (/opt/ros/humble/share/rmw_implementation_cmake/cmake)
[0.812s] -- Found rmw_fastrtps_cpp: 6.2.1 (/opt/ros/humble/share/rmw_fastrtps_cpp/cmake)
[1.082s] -- Using RMW implementation 'rmw_fastrtps_cpp' as default
[1.628s] -- Configuring done
[1.661s] -- Generating done
[1.665s] -- Build files have been written to: /root/ros2_ws/build/cpp_pubsub
[1.680s] Invoked command in '/root/ros2_ws/build/cpp_pubsub' returned '0': CMAKE_PREFIX_PATH=/opt/ros/humble /usr/bin/cmake /root/ros2_ws/src/cpp_pubsub -DCMAKE_INSTALL_PREFIX=/root/ros2_ws/install/cpp_pubsub
[1.686s] Invoking command in '/root/ros2_ws/build/cpp_pubsub': CMAKE_PREFIX_PATH=/opt/ros/humble /usr/bin/cmake --build /root/ros2_ws/build/cpp_pubsub -- -j12 -l12
[1.802s] [ 50%] [32mBuilding CXX object CMakeFiles/talker.dir/src/publisher_member_function.cpp.o[0m
[1.803s] [ 50%] [32mBuilding CXX object CMakeFiles/listener.dir/src/subscriber_member_function.cpp.o[0m
[10.595s] [ 75%] [32m[1mLinking CXX executable talker[0m
[10.926s] [ 75%] Built target talker
[18.282s] [100%] [32m[1mLinking CXX executable listener[0m
[19.027s] [100%] Built target listener
[19.042s] Invoked command in '/root/ros2_ws/build/cpp_pubsub' returned '0': CMAKE_PREFIX_PATH=/opt/ros/humble /usr/bin/cmake --build /root/ros2_ws/build/cpp_pubsub -- -j12 -l12
[19.112s] Invoking command in '/root/ros2_ws/build/cpp_pubsub': CMAKE_PREFIX_PATH=/opt/ros/humble /usr/bin/cmake --install /root/ros2_ws/build/cpp_pubsub
[19.128s] -- Install configuration: ""
[19.129s] -- Installing: /root/ros2_ws/install/cpp_pubsub/lib/cpp_pubsub/talker
[19.132s] -- Set runtime path of "/root/ros2_ws/install/cpp_pubsub/lib/cpp_pubsub/talker" to ""
[19.132s] -- Installing: /root/ros2_ws/install/cpp_pubsub/lib/cpp_pubsub/listener
[19.140s] -- Set runtime path of "/root/ros2_ws/install/cpp_pubsub/lib/cpp_pubsub/listener" to ""
[19.141s] -- Installing: /root/ros2_ws/install/cpp_pubsub/share/ament_index/resource_index/package_run_dependencies/cpp_pubsub
[19.141s] -- Installing: /root/ros2_ws/install/cpp_pubsub/share/ament_index/resource_index/parent_prefix_path/cpp_pubsub
[19.142s] -- Installing: /root/ros2_ws/install/cpp_pubsub/share/cpp_pubsub/environment/ament_prefix_path.sh
[19.142s] -- Installing: /root/ros2_ws/install/cpp_pubsub/share/cpp_pubsub/environment/ament_prefix_path.dsv
[19.142s] -- Installing: /root/ros2_ws/install/cpp_pubsub/share/cpp_pubsub/environment/path.sh
[19.143s] -- Installing: /root/ros2_ws/install/cpp_pubsub/share/cpp_pubsub/environment/path.dsv
[19.143s] -- Installing: /root/ros2_ws/install/cpp_pubsub/share/cpp_pubsub/local_setup.bash
[19.144s] -- Installing: /root/ros2_ws/install/cpp_pubsub/share/cpp_pubsub/local_setup.sh
[19.144s] -- Installing: /root/ros2_ws/install/cpp_pubsub/share/cpp_pubsub/local_setup.zsh
[19.144s] -- Installing: /root/ros2_ws/install/cpp_pubsub/share/cpp_pubsub/local_setup.dsv
[19.144s] -- Installing: /root/ros2_ws/install/cpp_pubsub/share/cpp_pubsub/package.dsv
[19.145s] -- Installing: /root/ros2_ws/install/cpp_pubsub/share/ament_index/resource_index/packages/cpp_pubsub
[19.145s] -- Installing: /root/ros2_ws/install/cpp_pubsub/share/cpp_pubsub/cmake/cpp_pubsubConfig.cmake
[19.145s] -- Installing: /root/ros2_ws/install/cpp_pubsub/share/cpp_pubsub/cmake/cpp_pubsubConfig-version.cmake
[19.146s] -- Installing: /root/ros2_ws/install/cpp_pubsub/share/cpp_pubsub/package.xml
[19.149s] Invoked command in '/root/ros2_ws/build/cpp_pubsub' returned '0': CMAKE_PREFIX_PATH=/opt/ros/humble /usr/bin/cmake --install /root/ros2_ws/build/cpp_pubsub
