[0.007s] Invoking command in '/root/ros2_ws/build/robot_kinematics': CMAKE_PREFIX_PATH=/opt/ros/humble /usr/bin/cmake --build /root/ros2_ws/build/robot_kinematics -- -j16 -l16
[0.022s] Invoked command in '/root/ros2_ws/build/robot_kinematics' returned '0': CMAKE_PREFIX_PATH=/opt/ros/humble /usr/bin/cmake --build /root/ros2_ws/build/robot_kinematics -- -j16 -l16
[0.034s] Invoking command in '/root/ros2_ws/build/robot_kinematics': CMAKE_PREFIX_PATH=/opt/ros/humble /usr/bin/cmake --install /root/ros2_ws/build/robot_kinematics
[0.037s] -- Install configuration: ""
[0.037s] -- Up-to-date: /root/ros2_ws/install/robot_kinematics/share/ament_index/resource_index/package_run_dependencies/robot_kinematics
[0.037s] -- Up-to-date: /root/ros2_ws/install/robot_kinematics/share/ament_index/resource_index/parent_prefix_path/robot_kinematics
[0.037s] -- Up-to-date: /root/ros2_ws/install/robot_kinematics/share/robot_kinematics/environment/ament_prefix_path.sh
[0.037s] -- Up-to-date: /root/ros2_ws/install/robot_kinematics/share/robot_kinematics/environment/ament_prefix_path.dsv
[0.037s] -- Up-to-date: /root/ros2_ws/install/robot_kinematics/share/robot_kinematics/environment/path.sh
[0.037s] -- Up-to-date: /root/ros2_ws/install/robot_kinematics/share/robot_kinematics/environment/path.dsv
[0.037s] -- Up-to-date: /root/ros2_ws/install/robot_kinematics/share/robot_kinematics/local_setup.bash
[0.037s] -- Up-to-date: /root/ros2_ws/install/robot_kinematics/share/robot_kinematics/local_setup.sh
[0.037s] -- Up-to-date: /root/ros2_ws/install/robot_kinematics/share/robot_kinematics/local_setup.zsh
[0.037s] -- Up-to-date: /root/ros2_ws/install/robot_kinematics/share/robot_kinematics/local_setup.dsv
[0.037s] -- Up-to-date: /root/ros2_ws/install/robot_kinematics/share/robot_kinematics/package.dsv
[0.037s] -- Up-to-date: /root/ros2_ws/install/robot_kinematics/share/ament_index/resource_index/packages/robot_kinematics
[0.037s] -- Up-to-date: /root/ros2_ws/install/robot_kinematics/share/robot_kinematics/cmake/robot_kinematicsConfig.cmake
[0.037s] -- Up-to-date: /root/ros2_ws/install/robot_kinematics/share/robot_kinematics/cmake/robot_kinematicsConfig-version.cmake
[0.037s] -- Up-to-date: /root/ros2_ws/install/robot_kinematics/share/robot_kinematics/package.xml
[0.038s] Invoked command in '/root/ros2_ws/build/robot_kinematics' returned '0': CMAKE_PREFIX_PATH=/opt/ros/humble /usr/bin/cmake --install /root/ros2_ws/build/robot_kinematics
