[0.028s] Invoking command in '/root/ros2_ws/build/cpp_pubsub': CMAKE_PREFIX_PATH=/opt/ros/humble /usr/bin/cmake --build /root/ros2_ws/build/cpp_pubsub -- -j12 -l12
[0.075s] -- Found ament_cmake: 1.3.2 (/opt/ros/humble/share/ament_cmake/cmake)
[0.466s] -- Found rclcpp: 16.0.1 (/opt/ros/humble/share/rclcpp/cmake)
[0.570s] -- Found rosidl_generator_c: 3.1.3 (/opt/ros/humble/share/rosidl_generator_c/cmake)
[0.578s] -- Found rosidl_adapter: 3.1.3 (/opt/ros/humble/share/rosidl_adapter/cmake)
[0.597s] -- Found rosidl_generator_cpp: 3.1.3 (/opt/ros/humble/share/rosidl_generator_cpp/cmake)
[0.631s] -- Using all available rosidl_typesupport_c: rosidl_typesupport_fastrtps_c;rosidl_typesupport_introspection_c
[0.680s] -- Using all available rosidl_typesupport_cpp: rosidl_typesupport_fastrtps_cpp;rosidl_typesupport_introspection_cpp
[0.828s] -- Found rmw_implementation_cmake: 6.1.0 (/opt/ros/humble/share/rmw_implementation_cmake/cmake)
[0.831s] -- Found rmw_fastrtps_cpp: 6.2.1 (/opt/ros/humble/share/rmw_fastrtps_cpp/cmake)
[1.103s] -- Using RMW implementation 'rmw_fastrtps_cpp' as default
[1.658s] -- Configuring done
[1.692s] -- Generating done
[1.697s] -- Build files have been written to: /root/ros2_ws/build/cpp_pubsub
[1.757s] [35m[1mConsolidate compiler generated dependencies of target talker[0m
[1.757s] [35m[1mConsolidate compiler generated dependencies of target listener[0m
[1.802s] [ 50%] [32mBuilding CXX object CMakeFiles/talker.dir/src/publisher_member_function.cpp.o[0m
[1.802s] [ 50%] [32mBuilding CXX object CMakeFiles/listener.dir/src/subscriber_member_function.cpp.o[0m
[10.497s] [ 75%] [32m[1mLinking CXX executable talker[0m
[10.814s] [ 75%] Built target talker
[18.049s] [100%] [32m[1mLinking CXX executable listener[0m
[18.798s] [100%] Built target listener
[18.813s] Invoked command in '/root/ros2_ws/build/cpp_pubsub' returned '0': CMAKE_PREFIX_PATH=/opt/ros/humble /usr/bin/cmake --build /root/ros2_ws/build/cpp_pubsub -- -j12 -l12
[18.877s] Invoking command in '/root/ros2_ws/build/cpp_pubsub': CMAKE_PREFIX_PATH=/opt/ros/humble /usr/bin/cmake --install /root/ros2_ws/build/cpp_pubsub
[18.895s] -- Install configuration: ""
[18.895s] -- Installing: /root/ros2_ws/install/cpp_pubsub/lib/cpp_pubsub/talker
[18.899s] -- Set runtime path of "/root/ros2_ws/install/cpp_pubsub/lib/cpp_pubsub/talker" to ""
[18.899s] -- Installing: /root/ros2_ws/install/cpp_pubsub/lib/cpp_pubsub/listener
[18.908s] -- Set runtime path of "/root/ros2_ws/install/cpp_pubsub/lib/cpp_pubsub/listener" to ""
[18.908s] -- Up-to-date: /root/ros2_ws/install/cpp_pubsub/share/ament_index/resource_index/package_run_dependencies/cpp_pubsub
[18.909s] -- Up-to-date: /root/ros2_ws/install/cpp_pubsub/share/ament_index/resource_index/parent_prefix_path/cpp_pubsub
[18.909s] -- Up-to-date: /root/ros2_ws/install/cpp_pubsub/share/cpp_pubsub/environment/ament_prefix_path.sh
[18.910s] -- Installing: /root/ros2_ws/install/cpp_pubsub/share/cpp_pubsub/environment/ament_prefix_path.dsv
[18.910s] -- Up-to-date: /root/ros2_ws/install/cpp_pubsub/share/cpp_pubsub/environment/path.sh
[18.910s] -- Installing: /root/ros2_ws/install/cpp_pubsub/share/cpp_pubsub/environment/path.dsv
[18.911s] -- Up-to-date: /root/ros2_ws/install/cpp_pubsub/share/cpp_pubsub/local_setup.bash
[18.911s] -- Up-to-date: /root/ros2_ws/install/cpp_pubsub/share/cpp_pubsub/local_setup.sh
[18.911s] -- Up-to-date: /root/ros2_ws/install/cpp_pubsub/share/cpp_pubsub/local_setup.zsh
[18.911s] -- Installing: /root/ros2_ws/install/cpp_pubsub/share/cpp_pubsub/local_setup.dsv
[18.912s] -- Installing: /root/ros2_ws/install/cpp_pubsub/share/cpp_pubsub/package.dsv
[18.912s] -- Up-to-date: /root/ros2_ws/install/cpp_pubsub/share/ament_index/resource_index/packages/cpp_pubsub
[18.912s] -- Up-to-date: /root/ros2_ws/install/cpp_pubsub/share/cpp_pubsub/cmake/cpp_pubsubConfig.cmake
[18.912s] -- Up-to-date: /root/ros2_ws/install/cpp_pubsub/share/cpp_pubsub/cmake/cpp_pubsubConfig-version.cmake
[18.913s] -- Up-to-date: /root/ros2_ws/install/cpp_pubsub/share/cpp_pubsub/package.xml
[18.915s] Invoked command in '/root/ros2_ws/build/cpp_pubsub' returned '0': CMAKE_PREFIX_PATH=/opt/ros/humble /usr/bin/cmake --install /root/ros2_ws/build/cpp_pubsub
