[0.007s] Invoking command in '/root/ros2_ws/build/robot_kinematics': CMAKE_PREFIX_PATH=/opt/ros/humble /usr/bin/cmake /root/ros2_ws/src/robot_kinematics -DCMAKE_INSTALL_PREFIX=/root/ros2_ws/install/robot_kinematics
[0.033s] -- The C compiler identification is GNU 11.3.0
[0.062s] -- The CXX compiler identification is GNU 11.3.0
[0.068s] -- Detecting C compiler ABI info
[0.098s] -- Detecting C compiler ABI info - done
[0.103s] -- Check for working C compiler: /usr/bin/cc - skipped
[0.103s] -- Detecting C compile features
[0.103s] -- Detecting C compile features - done
[0.105s] -- Detecting CXX compiler ABI info
[0.142s] -- Detecting CXX compiler ABI info - done
[0.147s] -- Check for working CXX compiler: /usr/bin/c++ - skipped
[0.147s] -- Detecting CXX compile features
[0.148s] -- Detecting CXX compile features - done
[0.149s] -- Found ament_cmake: 1.3.2 (/opt/ros/humble/share/ament_cmake/cmake)
[0.243s] -- Found Python3: /usr/bin/python3.10 (found version "3.10.6") found components: Interpreter 
[0.295s] -- Found ament_lint_auto: 0.12.4 (/opt/ros/humble/share/ament_lint_auto/cmake)
[0.340s] -- Added test 'lint_cmake' to check CMake code style
[0.340s] -- Added test 'xmllint' to check XML markup files
[0.341s] -- Configuring done
[0.343s] -- Generating done
[0.343s] -- Build files have been written to: /root/ros2_ws/build/robot_kinematics
[0.345s] Invoked command in '/root/ros2_ws/build/robot_kinematics' returned '0': CMAKE_PREFIX_PATH=/opt/ros/humble /usr/bin/cmake /root/ros2_ws/src/robot_kinematics -DCMAKE_INSTALL_PREFIX=/root/ros2_ws/install/robot_kinematics
[0.346s] Invoking command in '/root/ros2_ws/build/robot_kinematics': CMAKE_PREFIX_PATH=/opt/ros/humble /usr/bin/cmake --build /root/ros2_ws/build/robot_kinematics -- -j16 -l16
[0.362s] Invoked command in '/root/ros2_ws/build/robot_kinematics' returned '0': CMAKE_PREFIX_PATH=/opt/ros/humble /usr/bin/cmake --build /root/ros2_ws/build/robot_kinematics -- -j16 -l16
[0.371s] Invoking command in '/root/ros2_ws/build/robot_kinematics': CMAKE_PREFIX_PATH=/opt/ros/humble /usr/bin/cmake --install /root/ros2_ws/build/robot_kinematics
[0.374s] -- Install configuration: ""
[0.374s] -- Installing: /root/ros2_ws/install/robot_kinematics/share/ament_index/resource_index/package_run_dependencies/robot_kinematics
[0.374s] -- Installing: /root/ros2_ws/install/robot_kinematics/share/ament_index/resource_index/parent_prefix_path/robot_kinematics
[0.374s] -- Installing: /root/ros2_ws/install/robot_kinematics/share/robot_kinematics/environment/ament_prefix_path.sh
[0.374s] -- Installing: /root/ros2_ws/install/robot_kinematics/share/robot_kinematics/environment/ament_prefix_path.dsv
[0.374s] -- Installing: /root/ros2_ws/install/robot_kinematics/share/robot_kinematics/environment/path.sh
[0.374s] -- Installing: /root/ros2_ws/install/robot_kinematics/share/robot_kinematics/environment/path.dsv
[0.374s] -- Installing: /root/ros2_ws/install/robot_kinematics/share/robot_kinematics/local_setup.bash
[0.374s] -- Installing: /root/ros2_ws/install/robot_kinematics/share/robot_kinematics/local_setup.sh
[0.374s] -- Installing: /root/ros2_ws/install/robot_kinematics/share/robot_kinematics/local_setup.zsh
[0.375s] -- Installing: /root/ros2_ws/install/robot_kinematics/share/robot_kinematics/local_setup.dsv
[0.375s] -- Installing: /root/ros2_ws/install/robot_kinematics/share/robot_kinematics/package.dsv
[0.375s] -- Installing: /root/ros2_ws/install/robot_kinematics/share/ament_index/resource_index/packages/robot_kinematics
[0.375s] -- Installing: /root/ros2_ws/install/robot_kinematics/share/robot_kinematics/cmake/robot_kinematicsConfig.cmake
[0.375s] -- Installing: /root/ros2_ws/install/robot_kinematics/share/robot_kinematics/cmake/robot_kinematicsConfig-version.cmake
[0.375s] -- Installing: /root/ros2_ws/install/robot_kinematics/share/robot_kinematics/package.xml
[0.375s] Invoked command in '/root/ros2_ws/build/robot_kinematics' returned '0': CMAKE_PREFIX_PATH=/opt/ros/humble /usr/bin/cmake --install /root/ros2_ws/build/robot_kinematics
