[0.010s] Invoking command in '/root/ros2_ws/build/my_package': CMAKE_PREFIX_PATH=/opt/ros/humble /usr/bin/cmake --build /root/ros2_ws/build/my_package -- -j16 -l16
[0.031s] [ 50%] [32mBuilding CXX object CMakeFiles/my_node.dir/src/my_node.cpp.o[0m
[0.045s] [100%] [32m[1mLinking CXX executable my_node[0m
[0.066s] [100%] Built target my_node
[0.071s] Invoked command in '/root/ros2_ws/build/my_package' returned '0': CMAKE_PREFIX_PATH=/opt/ros/humble /usr/bin/cmake --build /root/ros2_ws/build/my_package -- -j16 -l16
[0.080s] Invoking command in '/root/ros2_ws/build/my_package': CMAKE_PREFIX_PATH=/opt/ros/humble /usr/bin/cmake --install /root/ros2_ws/build/my_package
[0.083s] -- Install configuration: ""
[0.083s] -- Installing: /root/ros2_ws/install/my_package/lib/my_package/my_node
[0.084s] -- Up-to-date: /root/ros2_ws/install/my_package/share/ament_index/resource_index/package_run_dependencies/my_package
[0.084s] -- Up-to-date: /root/ros2_ws/install/my_package/share/ament_index/resource_index/parent_prefix_path/my_package
[0.084s] -- Up-to-date: /root/ros2_ws/install/my_package/share/my_package/environment/ament_prefix_path.sh
[0.084s] -- Up-to-date: /root/ros2_ws/install/my_package/share/my_package/environment/ament_prefix_path.dsv
[0.084s] -- Up-to-date: /root/ros2_ws/install/my_package/share/my_package/environment/path.sh
[0.084s] -- Up-to-date: /root/ros2_ws/install/my_package/share/my_package/environment/path.dsv
[0.084s] -- Up-to-date: /root/ros2_ws/install/my_package/share/my_package/local_setup.bash
[0.084s] -- Up-to-date: /root/ros2_ws/install/my_package/share/my_package/local_setup.sh
[0.084s] -- Up-to-date: /root/ros2_ws/install/my_package/share/my_package/local_setup.zsh
[0.084s] -- Up-to-date: /root/ros2_ws/install/my_package/share/my_package/local_setup.dsv
[0.084s] -- Installing: /root/ros2_ws/install/my_package/share/my_package/package.dsv
[0.084s] -- Up-to-date: /root/ros2_ws/install/my_package/share/ament_index/resource_index/packages/my_package
[0.084s] -- Up-to-date: /root/ros2_ws/install/my_package/share/my_package/cmake/my_packageConfig.cmake
[0.084s] -- Up-to-date: /root/ros2_ws/install/my_package/share/my_package/cmake/my_packageConfig-version.cmake
[0.084s] -- Up-to-date: /root/ros2_ws/install/my_package/share/my_package/package.xml
[0.086s] Invoked command in '/root/ros2_ws/build/my_package' returned '0': CMAKE_PREFIX_PATH=/opt/ros/humble /usr/bin/cmake --install /root/ros2_ws/build/my_package
