[0.025s] Invoking command in '/root/ros2_ws/build/cpp_pubsub': CMAKE_PREFIX_PATH=/opt/ros/humble /usr/bin/cmake --build /root/ros2_ws/build/cpp_pubsub -- -j12 -l12
[0.075s] -- Found ament_cmake: 1.3.2 (/opt/ros/humble/share/ament_cmake/cmake)
[0.500s] -- Found rclcpp: 16.0.1 (/opt/ros/humble/share/rclcpp/cmake)
[0.569s] -- Found rosidl_generator_c: 3.1.3 (/opt/ros/humble/share/rosidl_generator_c/cmake)
[0.574s] -- Found rosidl_adapter: 3.1.3 (/opt/ros/humble/share/rosidl_adapter/cmake)
[0.587s] -- Found rosidl_generator_cpp: 3.1.3 (/opt/ros/humble/share/rosidl_generator_cpp/cmake)
[0.612s] -- Using all available rosidl_typesupport_c: rosidl_typesupport_fastrtps_c;rosidl_typesupport_introspection_c
[0.649s] -- Using all available rosidl_typesupport_cpp: rosidl_typesupport_fastrtps_cpp;rosidl_typesupport_introspection_cpp
[0.787s] -- Found rmw_implementation_cmake: 6.1.0 (/opt/ros/humble/share/rmw_implementation_cmake/cmake)
[0.790s] -- Found rmw_fastrtps_cpp: 6.2.1 (/opt/ros/humble/share/rmw_fastrtps_cpp/cmake)
[1.060s] -- Using RMW implementation 'rmw_fastrtps_cpp' as default
[1.611s] -- Configuring done
[1.645s] -- Generating done
[1.650s] -- Build files have been written to: /root/ros2_ws/build/cpp_pubsub
[1.711s] [35m[1mConsolidate compiler generated dependencies of target listener[0m
[1.712s] [35m[1mConsolidate compiler generated dependencies of target talker[0m
[1.756s] [100%] Built target listener
[1.757s] [100%] Built target talker
[1.782s] Invoked command in '/root/ros2_ws/build/cpp_pubsub' returned '0': CMAKE_PREFIX_PATH=/opt/ros/humble /usr/bin/cmake --build /root/ros2_ws/build/cpp_pubsub -- -j12 -l12
[1.866s] Invoking command in '/root/ros2_ws/build/cpp_pubsub': CMAKE_PREFIX_PATH=/opt/ros/humble /usr/bin/cmake --install /root/ros2_ws/build/cpp_pubsub
[1.884s] -- Install configuration: ""
[1.884s] -- Up-to-date: /root/ros2_ws/install/cpp_pubsub/lib/cpp_pubsub/talker
[1.885s] -- Up-to-date: /root/ros2_ws/install/cpp_pubsub/lib/cpp_pubsub/listener
[1.886s] -- Up-to-date: /root/ros2_ws/install/cpp_pubsub/share/ament_index/resource_index/package_run_dependencies/cpp_pubsub
[1.886s] -- Up-to-date: /root/ros2_ws/install/cpp_pubsub/share/ament_index/resource_index/parent_prefix_path/cpp_pubsub
[1.886s] -- Up-to-date: /root/ros2_ws/install/cpp_pubsub/share/cpp_pubsub/environment/ament_prefix_path.sh
[1.887s] -- Installing: /root/ros2_ws/install/cpp_pubsub/share/cpp_pubsub/environment/ament_prefix_path.dsv
[1.887s] -- Up-to-date: /root/ros2_ws/install/cpp_pubsub/share/cpp_pubsub/environment/path.sh
[1.887s] -- Installing: /root/ros2_ws/install/cpp_pubsub/share/cpp_pubsub/environment/path.dsv
[1.888s] -- Up-to-date: /root/ros2_ws/install/cpp_pubsub/share/cpp_pubsub/local_setup.bash
[1.888s] -- Up-to-date: /root/ros2_ws/install/cpp_pubsub/share/cpp_pubsub/local_setup.sh
[1.888s] -- Up-to-date: /root/ros2_ws/install/cpp_pubsub/share/cpp_pubsub/local_setup.zsh
[1.889s] -- Installing: /root/ros2_ws/install/cpp_pubsub/share/cpp_pubsub/local_setup.dsv
[1.889s] -- Installing: /root/ros2_ws/install/cpp_pubsub/share/cpp_pubsub/package.dsv
[1.889s] -- Up-to-date: /root/ros2_ws/install/cpp_pubsub/share/ament_index/resource_index/packages/cpp_pubsub
[1.889s] -- Up-to-date: /root/ros2_ws/install/cpp_pubsub/share/cpp_pubsub/cmake/cpp_pubsubConfig.cmake
[1.889s] -- Up-to-date: /root/ros2_ws/install/cpp_pubsub/share/cpp_pubsub/cmake/cpp_pubsubConfig-version.cmake
[1.890s] -- Up-to-date: /root/ros2_ws/install/cpp_pubsub/share/cpp_pubsub/package.xml
[1.894s] Invoked command in '/root/ros2_ws/build/cpp_pubsub' returned '0': CMAKE_PREFIX_PATH=/opt/ros/humble /usr/bin/cmake --install /root/ros2_ws/build/cpp_pubsub
