In file included from [01m[K/opt/ros/humble/include/rclcpp/rclcpp/subscription.hpp:45[m[K,
                 from [01m[K/opt/ros/humble/include/rclcpp/rclcpp/any_executable.hpp:25[m[K,
                 from [01m[K/opt/ros/humble/include/rclcpp/rclcpp/memory_strategy.hpp:25[m[K,
                 from [01m[K/opt/ros/humble/include/rclcpp/rclcpp/memory_strategies.hpp:18[m[K,
                 from [01m[K/opt/ros/humble/include/rclcpp/rclcpp/executor_options.hpp:20[m[K,
                 from [01m[K/opt/ros/humble/include/rclcpp/rclcpp/executor.hpp:37[m[K,
                 from [01m[K/opt/ros/humble/include/rclcpp/rclcpp/executors/multi_threaded_executor.hpp:25[m[K,
                 from [01m[K/opt/ros/humble/include/rclcpp/rclcpp/executors.hpp:21[m[K,
                 from [01m[K/opt/ros/humble/include/rclcpp/rclcpp/rclcpp.hpp:155[m[K,
                 from [01m[K/root/ros2_ws/src/cpp_pubsub/src/subscriber_member_function.cpp:18[m[K:
[01m[K/opt/ros/humble/include/rclcpp/rclcpp/subscription_options.hpp:100:47:[m[K [01;31m[Kerror: [m[Kexpected unqualified-id before ‘[01m[K)[m[K’ token
  100 |   SubscriptionOptionsWithAllocator<Allocator>([01;31m[K)[m[K {}
      |                                               [01;31m[K^[m[K
In file included from [01m[K/opt/ros/humble/include/rclcpp/rclcpp/subscription.hpp:45[m[K,
                 from [01m[K/opt/ros/humble/include/rclcpp/rclcpp/any_executable.hpp:25[m[K,
                 from [01m[K/opt/ros/humble/include/rclcpp/rclcpp/memory_strategy.hpp:25[m[K,
                 from [01m[K/opt/ros/humble/include/rclcpp/rclcpp/memory_strategies.hpp:18[m[K,
                 from [01m[K/opt/ros/humble/include/rclcpp/rclcpp/executor_options.hpp:20[m[K,
                 from [01m[K/opt/ros/humble/include/rclcpp/rclcpp/executor.hpp:37[m[K,
                 from [01m[K/opt/ros/humble/include/rclcpp/rclcpp/executors/multi_threaded_executor.hpp:25[m[K,
                 from [01m[K/opt/ros/humble/include/rclcpp/rclcpp/executors.hpp:21[m[K,
                 from [01m[K/opt/ros/humble/include/rclcpp/rclcpp/rclcpp.hpp:155[m[K,
                 from [01m[K/root/ros2_ws/src/cpp_pubsub/src/publisher_member_function.cpp:20[m[K:
[01m[K/opt/ros/humble/include/rclcpp/rclcpp/subscription_options.hpp:100:47:[m[K [01;31m[Kerror: [m[Kexpected unqualified-id before ‘[01m[K)[m[K’ token
  100 |   SubscriptionOptionsWithAllocator<Allocator>([01;31m[K)[m[K {}
      |                                               [01;31m[K^[m[K
In file included from [01m[K/opt/ros/humble/include/rclcpp/rclcpp/publisher.hpp:42[m[K,
                 from [01m[K/opt/ros/humble/include/rclcpp/rclcpp/topic_statistics/subscription_topic_statistics.hpp:31[m[K,
                 from [01m[K/opt/ros/humble/include/rclcpp/rclcpp/subscription.hpp:50[m[K,
                 from [01m[K/opt/ros/humble/include/rclcpp/rclcpp/any_executable.hpp:25[m[K,
                 from [01m[K/opt/ros/humble/include/rclcpp/rclcpp/memory_strategy.hpp:25[m[K,
                 from [01m[K/opt/ros/humble/include/rclcpp/rclcpp/memory_strategies.hpp:18[m[K,
                 from [01m[K/opt/ros/humble/include/rclcpp/rclcpp/executor_options.hpp:20[m[K,
                 from [01m[K/opt/ros/humble/include/rclcpp/rclcpp/executor.hpp:37[m[K,
                 from [01m[K/opt/ros/humble/include/rclcpp/rclcpp/executors/multi_threaded_executor.hpp:25[m[K,
                 from [01m[K/opt/ros/humble/include/rclcpp/rclcpp/executors.hpp:21[m[K,
                 from [01m[K/opt/ros/humble/include/rclcpp/rclcpp/rclcpp.hpp:155[m[K,
                 from [01m[K/root/ros2_ws/src/cpp_pubsub/src/subscriber_member_function.cpp:18[m[K:
[01m[K/opt/ros/humble/include/rclcpp/rclcpp/publisher_options.hpp:75:44:[m[K [01;31m[Kerror: [m[Kexpected unqualified-id before ‘[01m[K)[m[K’ token
   75 |   PublisherOptionsWithAllocator<Allocator>([01;31m[K)[m[K {}
      |                                            [01;31m[K^[m[K
In file included from [01m[K/opt/ros/humble/include/rclcpp/rclcpp/publisher.hpp:42[m[K,
                 from [01m[K/opt/ros/humble/include/rclcpp/rclcpp/topic_statistics/subscription_topic_statistics.hpp:31[m[K,
                 from [01m[K/opt/ros/humble/include/rclcpp/rclcpp/subscription.hpp:50[m[K,
                 from [01m[K/opt/ros/humble/include/rclcpp/rclcpp/any_executable.hpp:25[m[K,
                 from [01m[K/opt/ros/humble/include/rclcpp/rclcpp/memory_strategy.hpp:25[m[K,
                 from [01m[K/opt/ros/humble/include/rclcpp/rclcpp/memory_strategies.hpp:18[m[K,
                 from [01m[K/opt/ros/humble/include/rclcpp/rclcpp/executor_options.hpp:20[m[K,
                 from [01m[K/opt/ros/humble/include/rclcpp/rclcpp/executor.hpp:37[m[K,
                 from [01m[K/opt/ros/humble/include/rclcpp/rclcpp/executors/multi_threaded_executor.hpp:25[m[K,
                 from [01m[K/opt/ros/humble/include/rclcpp/rclcpp/executors.hpp:21[m[K,
                 from [01m[K/opt/ros/humble/include/rclcpp/rclcpp/rclcpp.hpp:155[m[K,
                 from [01m[K/root/ros2_ws/src/cpp_pubsub/src/publisher_member_function.cpp:20[m[K:
[01m[K/opt/ros/humble/include/rclcpp/rclcpp/publisher_options.hpp:75:44:[m[K [01;31m[Kerror: [m[Kexpected unqualified-id before ‘[01m[K)[m[K’ token
   75 |   PublisherOptionsWithAllocator<Allocator>([01;31m[K)[m[K {}
      |                                            [01;31m[K^[m[K
In file included from [01m[K/opt/ros/humble/include/rclcpp/rclcpp/executors/single_threaded_executor.hpp:28[m[K,
                 from [01m[K/opt/ros/humble/include/rclcpp/rclcpp/executors.hpp:22[m[K,
                 from [01m[K/opt/ros/humble/include/rclcpp/rclcpp/rclcpp.hpp:155[m[K,
                 from [01m[K/root/ros2_ws/src/cpp_pubsub/src/publisher_member_function.cpp:20[m[K:
[01m[K/opt/ros/humble/include/rclcpp/rclcpp/node.hpp:[m[K In member function ‘[01m[Kstd::shared_ptr<PublisherT> rclcpp::Node::create_publisher(const string&, const rclcpp::QoS&, const rclcpp::PublisherOptionsWithAllocator<AllocatorT>&) [with MessageT = std_msgs::msg::String_<std::allocator<void> >; AllocatorT = std::allocator<void>; PublisherT = rclcpp::Publisher<std_msgs::msg::String_<std::allocator<void> > >; std::string = std::__cxx11::basic_string<char>][m[K’:
[01m[K/opt/ros/humble/include/rclcpp/rclcpp/node.hpp:199:5:[m[K [01;31m[Kerror: [m[Kno matching function for call to ‘[01m[Krclcpp::PublisherOptionsWithAllocator<std::allocator<void> >::PublisherOptionsWithAllocator()[m[K’
  199 |     [01;31m[KPublisherOptionsWithAllocator<AllocatorT>()[m[K
      |     [01;31m[K^~~~~~~~~~~~~~~~~~~~~~~~~~~~~~~~~~~~~~~~~~~[m[K
In file included from [01m[K/opt/ros/humble/include/rclcpp/rclcpp/publisher.hpp:42[m[K,
                 from [01m[K/opt/ros/humble/include/rclcpp/rclcpp/topic_statistics/subscription_topic_statistics.hpp:31[m[K,
                 from [01m[K/opt/ros/humble/include/rclcpp/rclcpp/subscription.hpp:50[m[K,
                 from [01m[K/opt/ros/humble/include/rclcpp/rclcpp/any_executable.hpp:25[m[K,
                 from [01m[K/opt/ros/humble/include/rclcpp/rclcpp/memory_strategy.hpp:25[m[K,
                 from [01m[K/opt/ros/humble/include/rclcpp/rclcpp/memory_strategies.hpp:18[m[K,
                 from [01m[K/opt/ros/humble/include/rclcpp/rclcpp/executor_options.hpp:20[m[K,
                 from [01m[K/opt/ros/humble/include/rclcpp/rclcpp/executor.hpp:37[m[K,
                 from [01m[K/opt/ros/humble/include/rclcpp/rclcpp/executors/multi_threaded_executor.hpp:25[m[K,
                 from [01m[K/opt/ros/humble/include/rclcpp/rclcpp/executors.hpp:21[m[K,
                 from [01m[K/opt/ros/humble/include/rclcpp/rclcpp/rclcpp.hpp:155[m[K,
                 from [01m[K/root/ros2_ws/src/cpp_pubsub/src/publisher_member_function.cpp:20[m[K:
[01m[K/opt/ros/humble/include/rclcpp/rclcpp/publisher_options.hpp:78:12:[m[K [01;36m[Knote: [m[Kcandidate: ‘[01m[Krclcpp::PublisherOptionsWithAllocator<Allocator>::PublisherOptionsWithAllocator(const rclcpp::PublisherOptionsBase&) [with Allocator = std::allocator<void>][m[K’
   78 |   explicit [01;36m[KPublisherOptionsWithAllocator[m[K(const PublisherOptionsBase & publisher_options_base)
      |            [01;36m[K^~~~~~~~~~~~~~~~~~~~~~~~~~~~~[m[K
[01m[K/opt/ros/humble/include/rclcpp/rclcpp/publisher_options.hpp:78:12:[m[K [01;36m[Knote: [m[K  candidate expects 1 argument, 0 provided
[01m[K/opt/ros/humble/include/rclcpp/rclcpp/publisher_options.hpp:66:8:[m[K [01;36m[Knote: [m[Kcandidate: ‘[01m[Krclcpp::PublisherOptionsWithAllocator<std::allocator<void> >::PublisherOptionsWithAllocator(const rclcpp::PublisherOptionsWithAllocator<std::allocator<void> >&)[m[K’
   66 | struct [01;36m[KPublisherOptionsWithAllocator[m[K : public PublisherOptionsBase
      |        [01;36m[K^~~~~~~~~~~~~~~~~~~~~~~~~~~~~[m[K
[01m[K/opt/ros/humble/include/rclcpp/rclcpp/publisher_options.hpp:66:8:[m[K [01;36m[Knote: [m[K  candidate expects 1 argument, 0 provided
[01m[K/opt/ros/humble/include/rclcpp/rclcpp/publisher_options.hpp:66:8:[m[K [01;36m[Knote: [m[Kcandidate: ‘[01m[Krclcpp::PublisherOptionsWithAllocator<std::allocator<void> >::PublisherOptionsWithAllocator(rclcpp::PublisherOptionsWithAllocator<std::allocator<void> >&&)[m[K’
[01m[K/opt/ros/humble/include/rclcpp/rclcpp/publisher_options.hpp:66:8:[m[K [01;36m[Knote: [m[K  candidate expects 1 argument, 0 provided
[01m[K/root/ros2_ws/src/cpp_pubsub/src/publisher_member_function.cpp:34:63:[m[K [01;36m[Knote: [m[K  when instantiating default argument for call to ‘[01m[Kstd::shared_ptr<PublisherT> rclcpp::Node::create_publisher(const string&, const rclcpp::QoS&, const rclcpp::PublisherOptionsWithAllocator<AllocatorT>&) [with MessageT = std_msgs::msg::String_<std::allocator<void> >; AllocatorT = std::allocator<void>; PublisherT = rclcpp::Publisher<std_msgs::msg::String_<std::allocator<void> > >; std::string = std::__cxx11::basic_string<char>][m[K’
   34 |     publisher_ = [01;36m[Kthis->create_publisher<std_msgs::msg::String>("topic", 10)[m[K;
      |                  [01;36m[K~~~~~~~~~~~~~~~~~~~~~~~~~~~~~~~~~~~~~~~~~~~~~^~~~~~~~~~~~~[m[K
In file included from [01m[K/opt/ros/humble/include/rclcpp/rclcpp/executors/single_threaded_executor.hpp:28[m[K,
                 from [01m[K/opt/ros/humble/include/rclcpp/rclcpp/executors.hpp:22[m[K,
                 from [01m[K/opt/ros/humble/include/rclcpp/rclcpp/rclcpp.hpp:155[m[K,
                 from [01m[K/root/ros2_ws/src/cpp_pubsub/src/subscriber_member_function.cpp:18[m[K:
[01m[K/opt/ros/humble/include/rclcpp/rclcpp/node.hpp:[m[K In member function ‘[01m[Kstd::shared_ptr<ROSMessageT> rclcpp::Node::create_subscription(const string&, const rclcpp::QoS&, CallbackT&&, const rclcpp::SubscriptionOptionsWithAllocator<AllocatorT>&, typename MessageMemoryStrategyT::SharedPtr) [with MessageT = std_msgs::msg::String_<std::allocator<void> >; CallbackT = std::_Bind<void (MinimalSubscriber::*(MinimalSubscriber*, std::_Placeholder<1>))(const std_msgs::msg::String_<std::allocator<void> >&) const>; AllocatorT = std::allocator<void>; SubscriptionT = rclcpp::Subscription<std_msgs::msg::String_<std::allocator<void> > >; MessageMemoryStrategyT = rclcpp::message_memory_strategy::MessageMemoryStrategy<std_msgs::msg::String_<std::allocator<void> >, std::allocator<void> >; std::string = std::__cxx11::basic_string<char>; typename MessageMemoryStrategyT::SharedPtr = std::shared_ptr<rclcpp::message_memory_strategy::MessageMemoryStrategy<std_msgs::msg::String_<std::allocator<void> >, std::allocator<void> > >][m[K’:
[01m[K/opt/ros/humble/include/rclcpp/rclcpp/node.hpp:224:5:[m[K [01;31m[Kerror: [m[Kno matching function for call to ‘[01m[Krclcpp::SubscriptionOptionsWithAllocator<std::allocator<void> >::SubscriptionOptionsWithAllocator()[m[K’
  224 |     [01;31m[KSubscriptionOptionsWithAllocator<AllocatorT>()[m[K,
      |     [01;31m[K^~~~~~~~~~~~~~~~~~~~~~~~~~~~~~~~~~~~~~~~~~~~~~[m[K
In file included from [01m[K/opt/ros/humble/include/rclcpp/rclcpp/subscription.hpp:45[m[K,
                 from [01m[K/opt/ros/humble/include/rclcpp/rclcpp/any_executable.hpp:25[m[K,
                 from [01m[K/opt/ros/humble/include/rclcpp/rclcpp/memory_strategy.hpp:25[m[K,
                 from [01m[K/opt/ros/humble/include/rclcpp/rclcpp/memory_strategies.hpp:18[m[K,
                 from [01m[K/opt/ros/humble/include/rclcpp/rclcpp/executor_options.hpp:20[m[K,
                 from [01m[K/opt/ros/humble/include/rclcpp/rclcpp/executor.hpp:37[m[K,
                 from [01m[K/opt/ros/humble/include/rclcpp/rclcpp/executors/multi_threaded_executor.hpp:25[m[K,
                 from [01m[K/opt/ros/humble/include/rclcpp/rclcpp/executors.hpp:21[m[K,
                 from [01m[K/opt/ros/humble/include/rclcpp/rclcpp/rclcpp.hpp:155[m[K,
                 from [01m[K/root/ros2_ws/src/cpp_pubsub/src/subscriber_member_function.cpp:18[m[K:
[01m[K/opt/ros/humble/include/rclcpp/rclcpp/subscription_options.hpp:103:12:[m[K [01;36m[Knote: [m[Kcandidate: ‘[01m[Krclcpp::SubscriptionOptionsWithAllocator<Allocator>::SubscriptionOptionsWithAllocator(const rclcpp::SubscriptionOptionsBase&) [with Allocator = std::allocator<void>][m[K’
  103 |   explicit [01;36m[KSubscriptionOptionsWithAllocator[m[K(
      |            [01;36m[K^~~~~~~~~~~~~~~~~~~~~~~~~~~~~~~~[m[K
[01m[K/opt/ros/humble/include/rclcpp/rclcpp/subscription_options.hpp:103:12:[m[K [01;36m[Knote: [m[K  candidate expects 1 argument, 0 provided
[01m[K/opt/ros/humble/include/rclcpp/rclcpp/subscription_options.hpp:91:8:[m[K [01;36m[Knote: [m[Kcandidate: ‘[01m[Krclcpp::SubscriptionOptionsWithAllocator<std::allocator<void> >::SubscriptionOptionsWithAllocator(const rclcpp::SubscriptionOptionsWithAllocator<std::allocator<void> >&)[m[K’
   91 | struct [01;36m[KSubscriptionOptionsWithAllocator[m[K : public SubscriptionOptionsBase
      |        [01;36m[K^~~~~~~~~~~~~~~~~~~~~~~~~~~~~~~~[m[K
[01m[K/opt/ros/humble/include/rclcpp/rclcpp/subscription_options.hpp:91:8:[m[K [01;36m[Knote: [m[K  candidate expects 1 argument, 0 provided
[01m[K/opt/ros/humble/include/rclcpp/rclcpp/subscription_options.hpp:91:8:[m[K [01;36m[Knote: [m[Kcandidate: ‘[01m[Krclcpp::SubscriptionOptionsWithAllocator<std::allocator<void> >::SubscriptionOptionsWithAllocator(rclcpp::SubscriptionOptionsWithAllocator<std::allocator<void> >&&)[m[K’
[01m[K/opt/ros/humble/include/rclcpp/rclcpp/subscription_options.hpp:91:8:[m[K [01;36m[Knote: [m[K  candidate expects 1 argument, 0 provided
[01m[K/root/ros2_ws/src/cpp_pubsub/src/subscriber_member_function.cpp:26:69:[m[K [01;36m[Knote: [m[K  when instantiating default argument for call to ‘[01m[Kstd::shared_ptr<ROSMessageT> rclcpp::Node::create_subscription(const string&, const rclcpp::QoS&, CallbackT&&, const rclcpp::SubscriptionOptionsWithAllocator<AllocatorT>&, typename MessageMemoryStrategyT::SharedPtr) [with MessageT = std_msgs::msg::String_<std::allocator<void> >; CallbackT = std::_Bind<void (MinimalSubscriber::*(MinimalSubscriber*, std::_Placeholder<1>))(const std_msgs::msg::String_<std::allocator<void> >&) const>; AllocatorT = std::allocator<void>; SubscriptionT = rclcpp::Subscription<std_msgs::msg::String_<std::allocator<void> > >; MessageMemoryStrategyT = rclcpp::message_memory_strategy::MessageMemoryStrategy<std_msgs::msg::String_<std::allocator<void> >, std::allocator<void> >; std::string = std::__cxx11::basic_string<char>; typename MessageMemoryStrategyT::SharedPtr = std::shared_ptr<rclcpp::message_memory_strategy::MessageMemoryStrategy<std_msgs::msg::String_<std::allocator<void> >, std::allocator<void> > >][m[K’
   26 |     subscription_ = [01;36m[Kthis->create_subscription<std_msgs::msg::String>([m[K
      |                     [01;36m[K~~~~~~~~~~~~~~~~~~~~~~~~~~~~~~~~~~~~~~~~~~~~~~~~^[m[K
   27 | [01;36m[K        "topic", 10, std::bind(&MinimalSubscriber::topic_callback, this, _1))[m[K;
      |         [01;36m[K~~~~~~~~~~~~~~~~~~~~~~~~~~~~~~~~~~~~~~~~~~~~~~~~~~~~~~~~~~~~~~~~~~~~~[m[K
gmake[2]: *** [CMakeFiles/listener.dir/build.make:76: CMakeFiles/listener.dir/src/subscriber_member_function.cpp.o] Error 1
gmake[1]: *** [CMakeFiles/Makefile2:165: CMakeFiles/listener.dir/all] Error 2
gmake[1]: *** Waiting for unfinished jobs....
gmake[2]: *** [CMakeFiles/talker.dir/build.make:76: CMakeFiles/talker.dir/src/publisher_member_function.cpp.o] Error 1
gmake[1]: *** [CMakeFiles/Makefile2:139: CMakeFiles/talker.dir/all] Error 2
gmake: *** [Makefile:146: all] Error 2
