[  0%] Built target std_msgs_generate_messages_lisp
[  0%] Built target std_msgs_generate_messages_eus
[  0%] Built target std_msgs_generate_messages_cpp
[  0%] Built target std_msgs_generate_messages_nodejs
[  0%] Built target std_msgs_generate_messages_py
[  0%] Built target copy-compile-commands
[  0%] Built target _tutorial_generate_messages_check_deps_Num
[  0%] Built target _tutorial_generate_messages_check_deps_AddTwoInts
[  9%] Built target tutorial_generate_messages_nodejs
[ 19%] Built target tutorial_generate_messages_lisp
[ 28%] Built target tutorial_generate_messages_cpp
[ 47%] Built target tutorial_generate_messages_py
[ 61%] Built target tutorial_generate_messages_eus
[ 61%] Built target tutorial_gencpp
[ 61%] Built target tutorial_generate_messages
[ 71%] Built target listener
[ 80%] Built target talker
[35m[1mScanning dependencies of target add_two_ints_client[0m
[ 90%] Built target add_two_ints_server
[ 95%] [32mBuilding CXX object CMakeFiles/add_two_ints_client.dir/src/add_two_ints_client.cpp.o[0m
[100%] [32m[1mLinking CXX executable /home/devon/thesis_ros_ws/devel/.private/tutorial/lib/tutorial/add_two_ints_client[0m
[100%] Built target add_two_ints_client
