Linked: (/home/devon/thesis_ros_ws/devel/.private/tutorial/include/tutorial/AddTwoIntsRequest.h, /home/devon/thesis_ros_ws/devel/include/tutorial/AddTwoIntsRequest.h)
Linked: (/home/devon/thesis_ros_ws/devel/.private/tutorial/include/tutorial/AddTwoInts.h, /home/devon/thesis_ros_ws/devel/include/tutorial/AddTwoInts.h)
Linked: (/home/devon/thesis_ros_ws/devel/.private/tutorial/include/tutorial/Num.h, /home/devon/thesis_ros_ws/devel/include/tutorial/Num.h)
Linked: (/home/devon/thesis_ros_ws/devel/.private/tutorial/include/tutorial/AddTwoIntsResponse.h, /home/devon/thesis_ros_ws/devel/include/tutorial/AddTwoIntsResponse.h)
Linked: (/home/devon/thesis_ros_ws/devel/.private/tutorial/share/gennodejs/ros/tutorial/_index.js, /home/devon/thesis_ros_ws/devel/share/gennodejs/ros/tutorial/_index.js)
Linked: (/home/devon/thesis_ros_ws/devel/.private/tutorial/share/gennodejs/ros/tutorial/srv/_index.js, /home/devon/thesis_ros_ws/devel/share/gennodejs/ros/tutorial/srv/_index.js)
Linked: (/home/devon/thesis_ros_ws/devel/.private/tutorial/share/gennodejs/ros/tutorial/srv/AddTwoInts.js, /home/devon/thesis_ros_ws/devel/share/gennodejs/ros/tutorial/srv/AddTwoInts.js)
Linked: (/home/devon/thesis_ros_ws/devel/.private/tutorial/share/gennodejs/ros/tutorial/msg/_index.js, /home/devon/thesis_ros_ws/devel/share/gennodejs/ros/tutorial/msg/_index.js)
Linked: (/home/devon/thesis_ros_ws/devel/.private/tutorial/share/gennodejs/ros/tutorial/msg/Num.js, /home/devon/thesis_ros_ws/devel/share/gennodejs/ros/tutorial/msg/Num.js)
Linked: (/home/devon/thesis_ros_ws/devel/.private/tutorial/share/common-lisp/ros/tutorial/srv/AddTwoInts.lisp, /home/devon/thesis_ros_ws/devel/share/common-lisp/ros/tutorial/srv/AddTwoInts.lisp)
Linked: (/home/devon/thesis_ros_ws/devel/.private/tutorial/share/common-lisp/ros/tutorial/srv/_package.lisp, /home/devon/thesis_ros_ws/devel/share/common-lisp/ros/tutorial/srv/_package.lisp)
Linked: (/home/devon/thesis_ros_ws/devel/.private/tutorial/share/common-lisp/ros/tutorial/srv/tutorial-srv.asd, /home/devon/thesis_ros_ws/devel/share/common-lisp/ros/tutorial/srv/tutorial-srv.asd)
Linked: (/home/devon/thesis_ros_ws/devel/.private/tutorial/share/common-lisp/ros/tutorial/srv/_package_AddTwoInts.lisp, /home/devon/thesis_ros_ws/devel/share/common-lisp/ros/tutorial/srv/_package_AddTwoInts.lisp)
Linked: (/home/devon/thesis_ros_ws/devel/.private/tutorial/share/common-lisp/ros/tutorial/msg/Num.lisp, /home/devon/thesis_ros_ws/devel/share/common-lisp/ros/tutorial/msg/Num.lisp)
Linked: (/home/devon/thesis_ros_ws/devel/.private/tutorial/share/common-lisp/ros/tutorial/msg/_package.lisp, /home/devon/thesis_ros_ws/devel/share/common-lisp/ros/tutorial/msg/_package.lisp)
Linked: (/home/devon/thesis_ros_ws/devel/.private/tutorial/share/common-lisp/ros/tutorial/msg/_package_Num.lisp, /home/devon/thesis_ros_ws/devel/share/common-lisp/ros/tutorial/msg/_package_Num.lisp)
Linked: (/home/devon/thesis_ros_ws/devel/.private/tutorial/share/common-lisp/ros/tutorial/msg/tutorial-msg.asd, /home/devon/thesis_ros_ws/devel/share/common-lisp/ros/tutorial/msg/tutorial-msg.asd)
Linked: (/home/devon/thesis_ros_ws/devel/.private/tutorial/share/roseus/ros/tutorial/manifest.l, /home/devon/thesis_ros_ws/devel/share/roseus/ros/tutorial/manifest.l)
Linked: (/home/devon/thesis_ros_ws/devel/.private/tutorial/share/roseus/ros/tutorial/srv/AddTwoInts.l, /home/devon/thesis_ros_ws/devel/share/roseus/ros/tutorial/srv/AddTwoInts.l)
Linked: (/home/devon/thesis_ros_ws/devel/.private/tutorial/share/roseus/ros/tutorial/msg/Num.l, /home/devon/thesis_ros_ws/devel/share/roseus/ros/tutorial/msg/Num.l)
Linked: (/home/devon/thesis_ros_ws/devel/.private/tutorial/share/tutorial/cmake/tutorialConfig-version.cmake, /home/devon/thesis_ros_ws/devel/share/tutorial/cmake/tutorialConfig-version.cmake)
Linked: (/home/devon/thesis_ros_ws/devel/.private/tutorial/share/tutorial/cmake/tutorial-msg-paths.cmake, /home/devon/thesis_ros_ws/devel/share/tutorial/cmake/tutorial-msg-paths.cmake)
Linked: (/home/devon/thesis_ros_ws/devel/.private/tutorial/share/tutorial/cmake/tutorial-msg-extras.cmake, /home/devon/thesis_ros_ws/devel/share/tutorial/cmake/tutorial-msg-extras.cmake)
Linked: (/home/devon/thesis_ros_ws/devel/.private/tutorial/share/tutorial/cmake/tutorialConfig.cmake, /home/devon/thesis_ros_ws/devel/share/tutorial/cmake/tutorialConfig.cmake)
Linked: (/home/devon/thesis_ros_ws/devel/.private/tutorial/lib/python3/dist-packages/tutorial/__init__.py, /home/devon/thesis_ros_ws/devel/lib/python3/dist-packages/tutorial/__init__.py)
Linked: (/home/devon/thesis_ros_ws/devel/.private/tutorial/lib/python3/dist-packages/tutorial/srv/_AddTwoInts.py, /home/devon/thesis_ros_ws/devel/lib/python3/dist-packages/tutorial/srv/_AddTwoInts.py)
Linked: (/home/devon/thesis_ros_ws/devel/.private/tutorial/lib/python3/dist-packages/tutorial/srv/__init__.py, /home/devon/thesis_ros_ws/devel/lib/python3/dist-packages/tutorial/srv/__init__.py)
Linked: (/home/devon/thesis_ros_ws/devel/.private/tutorial/lib/python3/dist-packages/tutorial/msg/_Num.py, /home/devon/thesis_ros_ws/devel/lib/python3/dist-packages/tutorial/msg/_Num.py)
Linked: (/home/devon/thesis_ros_ws/devel/.private/tutorial/lib/python3/dist-packages/tutorial/msg/__init__.py, /home/devon/thesis_ros_ws/devel/lib/python3/dist-packages/tutorial/msg/__init__.py)
Linked: (/home/devon/thesis_ros_ws/devel/.private/tutorial/lib/tutorial/talker, /home/devon/thesis_ros_ws/devel/lib/tutorial/talker)
Linked: (/home/devon/thesis_ros_ws/devel/.private/tutorial/lib/tutorial/listener, /home/devon/thesis_ros_ws/devel/lib/tutorial/listener)
Linked: (/home/devon/thesis_ros_ws/devel/.private/tutorial/lib/tutorial/listener.py, /home/devon/thesis_ros_ws/devel/lib/tutorial/listener.py)
Linked: (/home/devon/thesis_ros_ws/devel/.private/tutorial/lib/tutorial/add_two_ints_server, /home/devon/thesis_ros_ws/devel/lib/tutorial/add_two_ints_server)
Linked: (/home/devon/thesis_ros_ws/devel/.private/tutorial/lib/tutorial/add_two_ints_client, /home/devon/thesis_ros_ws/devel/lib/tutorial/add_two_ints_client)
Linked: (/home/devon/thesis_ros_ws/devel/.private/tutorial/lib/tutorial/talker.py, /home/devon/thesis_ros_ws/devel/lib/tutorial/talker.py)
Linked: (/home/devon/thesis_ros_ws/devel/.private/tutorial/lib/tutorial/cmake.lock, /home/devon/thesis_ros_ws/devel/lib/tutorial/cmake.lock)
Linked: (/home/devon/thesis_ros_ws/devel/.private/tutorial/lib/tutorial/add_two_ints_server.py, /home/devon/thesis_ros_ws/devel/lib/tutorial/add_two_ints_server.py)
Linked: (/home/devon/thesis_ros_ws/devel/.private/tutorial/lib/tutorial/add_two_ints_client.py, /home/devon/thesis_ros_ws/devel/lib/tutorial/add_two_ints_client.py)
Linked: (/home/devon/thesis_ros_ws/devel/.private/tutorial/lib/pkgconfig/tutorial.pc, /home/devon/thesis_ros_ws/devel/lib/pkgconfig/tutorial.pc)
