[35m[1mScanning dependencies of target _tutorial_generate_messages_check_deps_Num[0m
[35m[1mScanning dependencies of target _tutorial_generate_messages_check_deps_AddTwoInts[0m
[35m[1mScanning dependencies of target std_msgs_generate_messages_cpp[0m
[35m[1mScanning dependencies of target std_msgs_generate_messages_nodejs[0m
[35m[1mScanning dependencies of target std_msgs_generate_messages_eus[0m
[35m[1mScanning dependencies of target std_msgs_generate_messages_lisp[0m
[35m[1mScanning dependencies of target std_msgs_generate_messages_py[0m
[  0%] Built target std_msgs_generate_messages_eus
[  0%] Built target std_msgs_generate_messages_nodejs
[  0%] Built target std_msgs_generate_messages_cpp
[  0%] Built target std_msgs_generate_messages_lisp
[  0%] Built target std_msgs_generate_messages_py
[  0%] Built target _tutorial_generate_messages_check_deps_Num
[  0%] Built target _tutorial_generate_messages_check_deps_AddTwoInts
[35m[1mScanning dependencies of target tutorial_generate_messages_lisp[0m
[35m[1mScanning dependencies of target tutorial_generate_messages_py[0m
[35m[1mScanning dependencies of target tutorial_generate_messages_cpp[0m
[35m[1mScanning dependencies of target tutorial_generate_messages_nodejs[0m
[35m[1mScanning dependencies of target tutorial_generate_messages_eus[0m
[  4%] [34m[1mGenerating EusLisp code from tutorial/Num.msg[0m
[ 28%] [34m[1mGenerating Javascript code from tutorial/Num.msg[0m
[ 28%] [34m[1mGenerating Lisp code from tutorial/AddTwoInts.srv[0m
[ 28%] [34m[1mGenerating C++ code from tutorial/Num.msg[0m
[ 28%] [34m[1mGenerating C++ code from tutorial/AddTwoInts.srv[0m
[ 33%] [34m[1mGenerating Lisp code from tutorial/Num.msg[0m
[ 42%] [34m[1mGenerating Javascript code from tutorial/AddTwoInts.srv[0m
[ 42%] [34m[1mGenerating Python code from SRV tutorial/AddTwoInts[0m
[ 52%] [34m[1mGenerating EusLisp manifest code for tutorial[0m
[ 52%] [34m[1mGenerating Python from MSG tutorial/Num[0m
[ 52%] [34m[1mGenerating EusLisp code from tutorial/AddTwoInts.srv[0m
[ 52%] Built target tutorial_generate_messages_nodejs
[ 52%] Built target tutorial_generate_messages_lisp
[ 52%] Built target tutorial_generate_messages_cpp
[ 57%] [34m[1mGenerating Python srv __init__.py for tutorial[0m
[ 61%] [34m[1mGenerating Python msg __init__.py for tutorial[0m
[35m[1mScanning dependencies of target tutorial_gencpp[0m
[35m[1mScanning dependencies of target listener[0m
[35m[1mScanning dependencies of target talker[0m
[ 61%] Built target tutorial_gencpp
[ 71%] [32mBuilding CXX object CMakeFiles/listener.dir/src/listener.cpp.o[0m
[ 71%] [32mBuilding CXX object CMakeFiles/talker.dir/src/talker.cpp.o[0m
[35m[1mScanning dependencies of target add_two_ints_client[0m
[35m[1mScanning dependencies of target add_two_ints_server[0m
[ 80%] [32mBuilding CXX object CMakeFiles/add_two_ints_client.dir/src/add_two_ints_client.cpp.o[0m
[ 80%] [32mBuilding CXX object CMakeFiles/add_two_ints_server.dir/src/add_two_ints_server.cpp.o[0m
[ 80%] Built target tutorial_generate_messages_eus
[ 80%] Built target tutorial_generate_messages_py
[35m[1mScanning dependencies of target tutorial_generate_messages[0m
[ 80%] Built target tutorial_generate_messages
[ 85%] [32m[1mLinking CXX executable /home/devon/thesis_ros_ws/devel/.private/tutorial/lib/tutorial/add_two_ints_client[0m
[ 90%] [32m[1mLinking CXX executable /home/devon/thesis_ros_ws/devel/.private/tutorial/lib/tutorial/talker[0m
[ 90%] Built target add_two_ints_client
[ 95%] [32m[1mLinking CXX executable /home/devon/thesis_ros_ws/devel/.private/tutorial/lib/tutorial/add_two_ints_server[0m
[ 95%] Built target talker
[100%] [32m[1mLinking CXX executable /home/devon/thesis_ros_ws/devel/.private/tutorial/lib/tutorial/listener[0m
[100%] Built target add_two_ints_server
[100%] Built target listener
