Symlinking /home/devon/thesis_ros_ws/devel/include/tutorial/AddTwoIntsRequest.h
Symlinking /home/devon/thesis_ros_ws/devel/include/tutorial/AddTwoInts.h
Symlinking /home/devon/thesis_ros_ws/devel/include/tutorial/Num.h
Symlinking /home/devon/thesis_ros_ws/devel/include/tutorial/AddTwoIntsResponse.h
Symlinking /home/devon/thesis_ros_ws/devel/share/gennodejs/ros/tutorial/_index.js
Symlinking /home/devon/thesis_ros_ws/devel/share/gennodejs/ros/tutorial/srv/_index.js
Symlinking /home/devon/thesis_ros_ws/devel/share/gennodejs/ros/tutorial/srv/AddTwoInts.js
Symlinking /home/devon/thesis_ros_ws/devel/share/gennodejs/ros/tutorial/msg/_index.js
Symlinking /home/devon/thesis_ros_ws/devel/share/gennodejs/ros/tutorial/msg/Num.js
Symlinking /home/devon/thesis_ros_ws/devel/share/common-lisp/ros/tutorial/srv/AddTwoInts.lisp
Symlinking /home/devon/thesis_ros_ws/devel/share/common-lisp/ros/tutorial/srv/_package.lisp
Symlinking /home/devon/thesis_ros_ws/devel/share/common-lisp/ros/tutorial/srv/tutorial-srv.asd
Symlinking /home/devon/thesis_ros_ws/devel/share/common-lisp/ros/tutorial/srv/_package_AddTwoInts.lisp
Symlinking /home/devon/thesis_ros_ws/devel/share/common-lisp/ros/tutorial/msg/Num.lisp
Symlinking /home/devon/thesis_ros_ws/devel/share/common-lisp/ros/tutorial/msg/_package.lisp
Symlinking /home/devon/thesis_ros_ws/devel/share/common-lisp/ros/tutorial/msg/_package_Num.lisp
Symlinking /home/devon/thesis_ros_ws/devel/share/common-lisp/ros/tutorial/msg/tutorial-msg.asd
Symlinking /home/devon/thesis_ros_ws/devel/share/roseus/ros/tutorial/manifest.l
Symlinking /home/devon/thesis_ros_ws/devel/share/roseus/ros/tutorial/srv/AddTwoInts.l
Symlinking /home/devon/thesis_ros_ws/devel/share/roseus/ros/tutorial/msg/Num.l
Symlinking /home/devon/thesis_ros_ws/devel/share/tutorial/cmake/tutorialConfig-version.cmake
Symlinking /home/devon/thesis_ros_ws/devel/share/tutorial/cmake/tutorial-msg-paths.cmake
Symlinking /home/devon/thesis_ros_ws/devel/share/tutorial/cmake/tutorial-msg-extras.cmake
Symlinking /home/devon/thesis_ros_ws/devel/share/tutorial/cmake/tutorialConfig.cmake
Symlinking /home/devon/thesis_ros_ws/devel/lib/python3/dist-packages/tutorial/__init__.py
Symlinking /home/devon/thesis_ros_ws/devel/lib/python3/dist-packages/tutorial/srv/_AddTwoInts.py
Symlinking /home/devon/thesis_ros_ws/devel/lib/python3/dist-packages/tutorial/srv/__init__.py
Symlinking /home/devon/thesis_ros_ws/devel/lib/python3/dist-packages/tutorial/msg/_Num.py
Symlinking /home/devon/thesis_ros_ws/devel/lib/python3/dist-packages/tutorial/msg/__init__.py
Symlinking /home/devon/thesis_ros_ws/devel/lib/tutorial/talker
Symlinking /home/devon/thesis_ros_ws/devel/lib/tutorial/listener
Symlinking /home/devon/thesis_ros_ws/devel/lib/tutorial/listener.py
Symlinking /home/devon/thesis_ros_ws/devel/lib/tutorial/add_two_ints_server
Symlinking /home/devon/thesis_ros_ws/devel/lib/tutorial/add_two_ints_client
Symlinking /home/devon/thesis_ros_ws/devel/lib/tutorial/talker.py
Symlinking /home/devon/thesis_ros_ws/devel/lib/tutorial/cmake.lock
Symlinking /home/devon/thesis_ros_ws/devel/lib/pkgconfig/tutorial.pc
