[0.027s] Invoking command in '/root/ros2_ws/build/cpp_pubsub': CMAKE_PREFIX_PATH=/opt/ros/humble /usr/bin/cmake --build /root/ros2_ws/build/cpp_pubsub -- -j12 -l12
[0.083s] -- Found ament_cmake: 1.3.2 (/opt/ros/humble/share/ament_cmake/cmake)
[0.524s] -- Found rclcpp: 16.0.1 (/opt/ros/humble/share/rclcpp/cmake)
[0.630s] -- Found rosidl_generator_c: 3.1.3 (/opt/ros/humble/share/rosidl_generator_c/cmake)
[0.638s] -- Found rosidl_adapter: 3.1.3 (/opt/ros/humble/share/rosidl_adapter/cmake)
[0.658s] -- Found rosidl_generator_cpp: 3.1.3 (/opt/ros/humble/share/rosidl_generator_cpp/cmake)
[0.695s] -- Using all available rosidl_typesupport_c: rosidl_typesupport_fastrtps_c;rosidl_typesupport_introspection_c
[0.749s] -- Using all available rosidl_typesupport_cpp: rosidl_typesupport_fastrtps_cpp;rosidl_typesupport_introspection_cpp
[0.895s] -- Found rmw_implementation_cmake: 6.1.0 (/opt/ros/humble/share/rmw_implementation_cmake/cmake)
[0.898s] -- Found rmw_fastrtps_cpp: 6.2.1 (/opt/ros/humble/share/rmw_fastrtps_cpp/cmake)
[1.170s] -- Using RMW implementation 'rmw_fastrtps_cpp' as default
[1.712s] -- Configuring done
[1.745s] -- Generating done
[1.750s] -- Build files have been written to: /root/ros2_ws/build/cpp_pubsub
[1.809s] [35m[1mConsolidate compiler generated dependencies of target talker[0m
[1.809s] [35m[1mConsolidate compiler generated dependencies of target listener[0m
[1.853s] [ 50%] [32mBuilding CXX object CMakeFiles/talker.dir/src/publisher_member_function.cpp.o[0m
[1.853s] [ 75%] Built target listener
[10.602s] [100%] [32m[1mLinking CXX executable talker[0m
[11.007s] [100%] Built target talker
[11.026s] Invoked command in '/root/ros2_ws/build/cpp_pubsub' returned '0': CMAKE_PREFIX_PATH=/opt/ros/humble /usr/bin/cmake --build /root/ros2_ws/build/cpp_pubsub -- -j12 -l12
[11.111s] Invoking command in '/root/ros2_ws/build/cpp_pubsub': CMAKE_PREFIX_PATH=/opt/ros/humble /usr/bin/cmake --install /root/ros2_ws/build/cpp_pubsub
[11.127s] -- Install configuration: ""
[11.127s] -- Installing: /root/ros2_ws/install/cpp_pubsub/lib/cpp_pubsub/talker
[11.131s] -- Set runtime path of "/root/ros2_ws/install/cpp_pubsub/lib/cpp_pubsub/talker" to ""
[11.131s] -- Up-to-date: /root/ros2_ws/install/cpp_pubsub/lib/cpp_pubsub/listener
[11.132s] -- Up-to-date: /root/ros2_ws/install/cpp_pubsub/share/ament_index/resource_index/package_run_dependencies/cpp_pubsub
[11.132s] -- Up-to-date: /root/ros2_ws/install/cpp_pubsub/share/ament_index/resource_index/parent_prefix_path/cpp_pubsub
[11.133s] -- Up-to-date: /root/ros2_ws/install/cpp_pubsub/share/cpp_pubsub/environment/ament_prefix_path.sh
[11.133s] -- Installing: /root/ros2_ws/install/cpp_pubsub/share/cpp_pubsub/environment/ament_prefix_path.dsv
[11.134s] -- Up-to-date: /root/ros2_ws/install/cpp_pubsub/share/cpp_pubsub/environment/path.sh
[11.134s] -- Installing: /root/ros2_ws/install/cpp_pubsub/share/cpp_pubsub/environment/path.dsv
[11.134s] -- Up-to-date: /root/ros2_ws/install/cpp_pubsub/share/cpp_pubsub/local_setup.bash
[11.134s] -- Up-to-date: /root/ros2_ws/install/cpp_pubsub/share/cpp_pubsub/local_setup.sh
[11.135s] -- Up-to-date: /root/ros2_ws/install/cpp_pubsub/share/cpp_pubsub/local_setup.zsh
[11.135s] -- Installing: /root/ros2_ws/install/cpp_pubsub/share/cpp_pubsub/local_setup.dsv
[11.135s] -- Installing: /root/ros2_ws/install/cpp_pubsub/share/cpp_pubsub/package.dsv
[11.135s] -- Up-to-date: /root/ros2_ws/install/cpp_pubsub/share/ament_index/resource_index/packages/cpp_pubsub
[11.136s] -- Up-to-date: /root/ros2_ws/install/cpp_pubsub/share/cpp_pubsub/cmake/cpp_pubsubConfig.cmake
[11.136s] -- Up-to-date: /root/ros2_ws/install/cpp_pubsub/share/cpp_pubsub/cmake/cpp_pubsubConfig-version.cmake
[11.136s] -- Up-to-date: /root/ros2_ws/install/cpp_pubsub/share/cpp_pubsub/package.xml
[11.138s] Invoked command in '/root/ros2_ws/build/cpp_pubsub' returned '0': CMAKE_PREFIX_PATH=/opt/ros/humble /usr/bin/cmake --install /root/ros2_ws/build/cpp_pubsub
